<?xml version="1.0" encoding="UTF-8"?>
<testng-results skipped="0" failed="0" total="1" passed="1">
  <reporter-output>
  </reporter-output>
  <suite name="Default suite" duration-ms="2590" started-at="2016-03-23T14:04:03Z" finished-at="2016-03-23T14:04:06Z">
    <groups>
    </groups>
    <test name="Default test" duration-ms="2590" started-at="2016-03-23T14:04:03Z" finished-at="2016-03-23T14:04:06Z">
      <class name="com.penzias.hello.TestApp">
        <test-method status="PASS" signature="Before()[pri:0, instance:com.penzias.hello.TestApp@43a25848]" name="Before" is-config="true" duration-ms="2056" started-at="2016-03-23T22:04:03Z" finished-at="2016-03-23T22:04:05Z">
          <reporter-output>
          </reporter-output>
        </test-method> <!-- Before -->
        <test-method status="PASS" signature="test()[pri:0, instance:com.penzias.hello.TestApp@43a25848]" name="test" duration-ms="470" started-at="2016-03-23T22:04:05Z" finished-at="2016-03-23T22:04:06Z">
          <reporter-output>
          </reporter-output>
        </test-method> <!-- test -->
        <test-method status="PASS" signature="after()[pri:0, instance:com.penzias.hello.TestApp@43a25848]" name="after" is-config="true" duration-ms="47" started-at="2016-03-23T22:04:06Z" finished-at="2016-03-23T22:04:06Z">
          <reporter-output>
          </reporter-output>
        </test-method> <!-- after -->
      </class> <!-- com.penzias.hello.TestApp -->
    </test> <!-- Default test -->
  </suite> <!-- Default suite -->
</testng-results>
